2025-12-29 13:17:59.363 - Info	
Packing D:\IFISol\mscrmdataverse-pdf-display-main\SolutionZahab\obj\Debug\Metadata to bin\Debug\SolutionZahab.zip

2025-12-29 13:17:59.378 - Info	Processing Component: Entities
2025-12-29 13:17:59.381 - Info	Processing Component: Roles
2025-12-29 13:17:59.385 - Info	Processing Component: Workflows
2025-12-29 13:17:59.386 - Info	Processing Component: FieldSecurityProfiles
2025-12-29 13:17:59.387 - Info	Processing Component: Templates
2025-12-29 13:17:59.388 - Info	Processing Component: EntityMaps
2025-12-29 13:17:59.389 - Info	Processing Component: EntityRelationships
2025-12-29 13:17:59.393 - Info	Processing Component: OrganizationSettings
2025-12-29 13:17:59.394 - Info	Processing Component: optionsets
2025-12-29 13:17:59.395 - Info	Processing Component: CustomControls
2025-12-29 13:17:59.404 - Info	 - POCControls.AccountSearchControl
2025-12-29 13:17:59.408 - Info	Processing Component: SolutionPluginAssemblies
2025-12-29 13:17:59.411 - Info	Processing Component: EntityDataProviders
2025-12-29 13:17:59.417 - Info	Processing Sharded Component Files
2025-12-29 13:17:59.443 - Info	
Unmanaged Pack complete.

2025-12-29 13:48:33.488 - Info	
Packing D:\IFISol\mscrmdataverse-pdf-display-main\SolutionZahab\obj\Debug\Metadata to bin\Debug\SolutionZahab.zip

2025-12-29 13:48:33.502 - Info	Processing Component: Entities
2025-12-29 13:48:33.505 - Info	Processing Component: Roles
2025-12-29 13:48:33.507 - Info	Processing Component: Workflows
2025-12-29 13:48:33.508 - Info	Processing Component: FieldSecurityProfiles
2025-12-29 13:48:33.508 - Info	Processing Component: Templates
2025-12-29 13:48:33.509 - Info	Processing Component: EntityMaps
2025-12-29 13:48:33.510 - Info	Processing Component: EntityRelationships
2025-12-29 13:48:33.513 - Info	Processing Component: OrganizationSettings
2025-12-29 13:48:33.515 - Info	Processing Component: optionsets
2025-12-29 13:48:33.516 - Info	Processing Component: CustomControls
2025-12-29 13:48:33.523 - Info	 - POCControls.AccountSearchControl
2025-12-29 13:48:33.527 - Info	Processing Component: SolutionPluginAssemblies
2025-12-29 13:48:33.528 - Info	Processing Component: EntityDataProviders
2025-12-29 13:48:33.533 - Info	Processing Sharded Component Files
2025-12-29 13:48:33.569 - Info	
Unmanaged Pack complete.

2025-12-30 10:42:24.489 - Info	
Packing D:\IFISol\mscrmdataverse-pdf-display-main\SolutionZahab\obj\Debug\Metadata to bin\Debug\SolutionZahab.zip

2025-12-30 10:42:24.505 - Info	Processing Component: Entities
2025-12-30 10:42:24.511 - Info	Processing Component: Roles
2025-12-30 10:42:24.516 - Info	Processing Component: Workflows
2025-12-30 10:42:24.516 - Info	Processing Component: FieldSecurityProfiles
2025-12-30 10:42:24.517 - Info	Processing Component: Templates
2025-12-30 10:42:24.519 - Info	Processing Component: EntityMaps
2025-12-30 10:42:24.519 - Info	Processing Component: EntityRelationships
2025-12-30 10:42:24.526 - Info	Processing Component: OrganizationSettings
2025-12-30 10:42:24.528 - Info	Processing Component: optionsets
2025-12-30 10:42:24.529 - Info	Processing Component: CustomControls
2025-12-30 10:42:24.539 - Info	 - POCControls.AccountSearchControl
2025-12-30 10:42:24.547 - Info	Processing Component: SolutionPluginAssemblies
2025-12-30 10:42:24.549 - Info	Processing Component: EntityDataProviders
2025-12-30 10:42:24.557 - Info	Processing Sharded Component Files
2025-12-30 10:42:24.606 - Info	
Unmanaged Pack complete.

2025-12-30 11:07:27.112 - Info	
Packing D:\IFISol\mscrmdataverse-pdf-display-main\SolutionZahab\obj\Debug\Metadata to bin\Debug\SolutionZahab.zip

2025-12-30 11:07:27.139 - Info	Processing Component: Entities
2025-12-30 11:07:27.143 - Info	Processing Component: Roles
2025-12-30 11:07:27.149 - Info	Processing Component: Workflows
2025-12-30 11:07:27.150 - Info	Processing Component: FieldSecurityProfiles
2025-12-30 11:07:27.151 - Info	Processing Component: Templates
2025-12-30 11:07:27.153 - Info	Processing Component: EntityMaps
2025-12-30 11:07:27.154 - Info	Processing Component: EntityRelationships
2025-12-30 11:07:27.160 - Info	Processing Component: OrganizationSettings
2025-12-30 11:07:27.161 - Info	Processing Component: optionsets
2025-12-30 11:07:27.162 - Info	Processing Component: CustomControls
2025-12-30 11:07:27.175 - Info	 - POCControls.AccountSearchControl
2025-12-30 11:07:27.181 - Info	Processing Component: SolutionPluginAssemblies
2025-12-30 11:07:27.183 - Info	Processing Component: EntityDataProviders
2025-12-30 11:07:27.193 - Info	Processing Sharded Component Files
2025-12-30 11:07:27.245 - Info	
Unmanaged Pack complete.

2025-12-30 13:29:16.818 - Info	
Packing D:\IFISol\mscrmdataverse-pdf-display-main\SolutionZahab\obj\Debug\Metadata to bin\Debug\SolutionZahab.zip

2025-12-30 13:29:16.831 - Info	Processing Component: Entities
2025-12-30 13:29:16.834 - Info	Processing Component: Roles
2025-12-30 13:29:16.838 - Info	Processing Component: Workflows
2025-12-30 13:29:16.838 - Info	Processing Component: FieldSecurityProfiles
2025-12-30 13:29:16.839 - Info	Processing Component: Templates
2025-12-30 13:29:16.840 - Info	Processing Component: EntityMaps
2025-12-30 13:29:16.840 - Info	Processing Component: EntityRelationships
2025-12-30 13:29:16.845 - Info	Processing Component: OrganizationSettings
2025-12-30 13:29:16.846 - Info	Processing Component: optionsets
2025-12-30 13:29:16.847 - Info	Processing Component: CustomControls
2025-12-30 13:29:16.855 - Info	 - POCControls.AccountSearchControl
2025-12-30 13:29:16.860 - Info	Processing Component: SolutionPluginAssemblies
2025-12-30 13:29:16.862 - Info	Processing Component: EntityDataProviders
2025-12-30 13:29:16.867 - Info	Processing Sharded Component Files
2025-12-30 13:29:16.899 - Info	
Unmanaged Pack complete.

2025-12-30 13:36:24.869 - Info	
Packing D:\IFISol\mscrmdataverse-pdf-display-main\SolutionZahab\obj\Debug\Metadata to bin\Debug\SolutionZahab.zip

2025-12-30 13:36:24.906 - Info	Processing Component: Entities
2025-12-30 13:36:24.911 - Info	Processing Component: Roles
2025-12-30 13:36:24.915 - Info	Processing Component: Workflows
2025-12-30 13:36:24.916 - Info	Processing Component: FieldSecurityProfiles
2025-12-30 13:36:24.917 - Info	Processing Component: Templates
2025-12-30 13:36:24.919 - Info	Processing Component: EntityMaps
2025-12-30 13:36:24.920 - Info	Processing Component: EntityRelationships
2025-12-30 13:36:24.924 - Info	Processing Component: OrganizationSettings
2025-12-30 13:36:24.926 - Info	Processing Component: optionsets
2025-12-30 13:36:24.926 - Info	Processing Component: CustomControls
2025-12-30 13:36:24.937 - Info	 - POCControls.AccountSearchControl
2025-12-30 13:36:24.942 - Info	Processing Component: SolutionPluginAssemblies
2025-12-30 13:36:24.944 - Info	Processing Component: EntityDataProviders
2025-12-30 13:36:24.953 - Info	Processing Sharded Component Files
2025-12-30 13:36:25.003 - Info	
Unmanaged Pack complete.

2025-12-30 13:45:37.047 - Info	
Packing D:\IFISol\mscrmdataverse-pdf-display-main\SolutionZahab\obj\Debug\Metadata to bin\Debug\SolutionZahab.zip

2025-12-30 13:45:37.071 - Info	Processing Component: Entities
2025-12-30 13:45:37.075 - Info	Processing Component: Roles
2025-12-30 13:45:37.080 - Info	Processing Component: Workflows
2025-12-30 13:45:37.081 - Info	Processing Component: FieldSecurityProfiles
2025-12-30 13:45:37.081 - Info	Processing Component: Templates
2025-12-30 13:45:37.082 - Info	Processing Component: EntityMaps
2025-12-30 13:45:37.084 - Info	Processing Component: EntityRelationships
2025-12-30 13:45:37.087 - Info	Processing Component: OrganizationSettings
2025-12-30 13:45:37.088 - Info	Processing Component: optionsets
2025-12-30 13:45:37.089 - Info	Processing Component: CustomControls
2025-12-30 13:45:37.097 - Info	 - POCControls.AccountSearchControl
2025-12-30 13:45:37.103 - Info	Processing Component: SolutionPluginAssemblies
2025-12-30 13:45:37.104 - Info	Processing Component: EntityDataProviders
2025-12-30 13:45:37.111 - Info	Processing Sharded Component Files
2025-12-30 13:45:37.161 - Info	
Unmanaged Pack complete.

2026-01-01 11:22:09.016 - Info	
Packing D:\IFISol\mscrmdataverse-pdf-display-main\SolutionZahab\obj\Debug\Metadata to bin\Debug\SolutionZahab.zip

2026-01-01 11:22:09.028 - Info	Processing Component: Entities
2026-01-01 11:22:09.031 - Info	Processing Component: Roles
2026-01-01 11:22:09.034 - Info	Processing Component: Workflows
2026-01-01 11:22:09.034 - Info	Processing Component: FieldSecurityProfiles
2026-01-01 11:22:09.035 - Info	Processing Component: Templates
2026-01-01 11:22:09.036 - Info	Processing Component: EntityMaps
2026-01-01 11:22:09.037 - Info	Processing Component: EntityRelationships
2026-01-01 11:22:09.039 - Info	Processing Component: OrganizationSettings
2026-01-01 11:22:09.040 - Info	Processing Component: optionsets
2026-01-01 11:22:09.041 - Info	Processing Component: CustomControls
2026-01-01 11:22:09.046 - Info	 - POCControls.AccountSearchControl
2026-01-01 11:22:09.051 - Info	Processing Component: SolutionPluginAssemblies
2026-01-01 11:22:09.053 - Info	Processing Component: EntityDataProviders
2026-01-01 11:22:09.059 - Info	Processing Sharded Component Files
2026-01-01 11:22:09.101 - Info	
Unmanaged Pack complete.

2026-01-01 11:37:02.572 - Info	
Packing D:\IFISol\mscrmdataverse-pdf-display-main\SolutionZahab\obj\Debug\Metadata to bin\Debug\SolutionZahab.zip

2026-01-01 11:37:02.588 - Info	Processing Component: Entities
2026-01-01 11:37:02.592 - Info	Processing Component: Roles
2026-01-01 11:37:02.596 - Info	Processing Component: Workflows
2026-01-01 11:37:02.596 - Info	Processing Component: FieldSecurityProfiles
2026-01-01 11:37:02.597 - Info	Processing Component: Templates
2026-01-01 11:37:02.598 - Info	Processing Component: EntityMaps
2026-01-01 11:37:02.599 - Info	Processing Component: EntityRelationships
2026-01-01 11:37:02.602 - Info	Processing Component: OrganizationSettings
2026-01-01 11:37:02.603 - Info	Processing Component: optionsets
2026-01-01 11:37:02.604 - Info	Processing Component: CustomControls
2026-01-01 11:37:02.613 - Info	 - POCControls.AccountSearchControl
2026-01-01 11:37:02.618 - Info	Processing Component: SolutionPluginAssemblies
2026-01-01 11:37:02.621 - Info	Processing Component: EntityDataProviders
2026-01-01 11:37:02.632 - Info	Processing Sharded Component Files
2026-01-01 11:37:02.680 - Info	
Unmanaged Pack complete.

2026-01-01 12:21:42.951 - Info	
Packing D:\IFISol\mscrmdataverse-pdf-display-main\SolutionZahab\obj\Debug\Metadata to bin\Debug\SolutionZahab.zip

2026-01-01 12:21:42.965 - Info	Processing Component: Entities
2026-01-01 12:21:42.968 - Info	Processing Component: Roles
2026-01-01 12:21:42.971 - Info	Processing Component: Workflows
2026-01-01 12:21:42.971 - Info	Processing Component: FieldSecurityProfiles
2026-01-01 12:21:42.972 - Info	Processing Component: Templates
2026-01-01 12:21:42.973 - Info	Processing Component: EntityMaps
2026-01-01 12:21:42.973 - Info	Processing Component: EntityRelationships
2026-01-01 12:21:42.976 - Info	Processing Component: OrganizationSettings
2026-01-01 12:21:42.977 - Info	Processing Component: optionsets
2026-01-01 12:21:42.977 - Info	Processing Component: CustomControls
2026-01-01 12:21:42.984 - Info	 - POCControls.AccountSearchControl
2026-01-01 12:21:42.993 - Info	Processing Component: SolutionPluginAssemblies
2026-01-01 12:21:42.994 - Info	Processing Component: EntityDataProviders
2026-01-01 12:21:43.000 - Info	Processing Sharded Component Files
2026-01-01 12:21:43.067 - Info	
Unmanaged Pack complete.

2026-01-01 12:39:59.642 - Info	
Packing D:\IFISol\mscrmdataverse-pdf-display-main\SolutionZahab\obj\Debug\Metadata to bin\Debug\SolutionZahab.zip

2026-01-01 12:39:59.664 - Info	Processing Component: Entities
2026-01-01 12:39:59.674 - Info	Processing Component: Roles
2026-01-01 12:39:59.681 - Info	Processing Component: Workflows
2026-01-01 12:39:59.683 - Info	Processing Component: FieldSecurityProfiles
2026-01-01 12:39:59.686 - Info	Processing Component: Templates
2026-01-01 12:39:59.689 - Info	Processing Component: EntityMaps
2026-01-01 12:39:59.690 - Info	Processing Component: EntityRelationships
2026-01-01 12:39:59.696 - Info	Processing Component: OrganizationSettings
2026-01-01 12:39:59.698 - Info	Processing Component: optionsets
2026-01-01 12:39:59.701 - Info	Processing Component: CustomControls
2026-01-01 12:39:59.737 - Info	 - POCControls.AccountSearchControl
2026-01-01 12:39:59.755 - Info	Processing Component: SolutionPluginAssemblies
2026-01-01 12:39:59.758 - Info	Processing Component: EntityDataProviders
2026-01-01 12:39:59.773 - Info	Processing Sharded Component Files
2026-01-01 12:39:59.875 - Info	
Unmanaged Pack complete.

2026-01-01 13:05:23.248 - Info	
Packing D:\IFISol\mscrmdataverse-pdf-display-main\SolutionZahab\obj\Debug\Metadata to bin\Debug\SolutionZahab.zip

2026-01-01 13:05:23.271 - Info	Processing Component: Entities
2026-01-01 13:05:23.275 - Info	Processing Component: Roles
2026-01-01 13:05:23.281 - Info	Processing Component: Workflows
2026-01-01 13:05:23.281 - Info	Processing Component: FieldSecurityProfiles
2026-01-01 13:05:23.282 - Info	Processing Component: Templates
2026-01-01 13:05:23.283 - Info	Processing Component: EntityMaps
2026-01-01 13:05:23.283 - Info	Processing Component: EntityRelationships
2026-01-01 13:05:23.287 - Info	Processing Component: OrganizationSettings
2026-01-01 13:05:23.288 - Info	Processing Component: optionsets
2026-01-01 13:05:23.289 - Info	Processing Component: CustomControls
2026-01-01 13:05:23.300 - Info	 - POCControls.AccountSearchControl
2026-01-01 13:05:23.307 - Info	Processing Component: SolutionPluginAssemblies
2026-01-01 13:05:23.308 - Info	Processing Component: EntityDataProviders
2026-01-01 13:05:23.316 - Info	Processing Sharded Component Files
2026-01-01 13:05:23.412 - Info	
Unmanaged Pack complete.

2026-01-01 14:43:18.316 - Info	
Packing D:\IFISol\mscrmdataverse-pdf-display-main\SolutionZahab\obj\Debug\Metadata to bin\Debug\SolutionZahab.zip

2026-01-01 14:43:18.344 - Info	Processing Component: Entities
2026-01-01 14:43:18.349 - Info	Processing Component: Roles
2026-01-01 14:43:18.353 - Info	Processing Component: Workflows
2026-01-01 14:43:18.354 - Info	Processing Component: FieldSecurityProfiles
2026-01-01 14:43:18.354 - Info	Processing Component: Templates
2026-01-01 14:43:18.355 - Info	Processing Component: EntityMaps
2026-01-01 14:43:18.356 - Info	Processing Component: EntityRelationships
2026-01-01 14:43:18.360 - Info	Processing Component: OrganizationSettings
2026-01-01 14:43:18.360 - Info	Processing Component: optionsets
2026-01-01 14:43:18.361 - Info	Processing Component: CustomControls
2026-01-01 14:43:18.368 - Info	 - POCControls.AccountSearchControl
2026-01-01 14:43:18.374 - Info	Processing Component: SolutionPluginAssemblies
2026-01-01 14:43:18.376 - Info	Processing Component: EntityDataProviders
2026-01-01 14:43:18.377 - Info	Processing Sharded Component Files
2026-01-01 14:43:18.437 - Info	
Unmanaged Pack complete.

2026-01-01 14:56:47.295 - Info	
Packing D:\IFISol\mscrmdataverse-pdf-display-main\SolutionZahab\obj\Debug\Metadata to bin\Debug\SolutionZahab.zip

2026-01-01 14:56:47.308 - Info	Processing Component: Entities
2026-01-01 14:56:47.316 - Info	Processing Component: Roles
2026-01-01 14:56:47.316 - Info	Processing Component: Workflows
2026-01-01 14:56:47.316 - Info	Processing Component: FieldSecurityProfiles
2026-01-01 14:56:47.316 - Info	Processing Component: Templates
2026-01-01 14:56:47.316 - Info	Processing Component: EntityMaps
2026-01-01 14:56:47.316 - Info	Processing Component: EntityRelationships
2026-01-01 14:56:47.326 - Info	Processing Component: OrganizationSettings
2026-01-01 14:56:47.328 - Info	Processing Component: optionsets
2026-01-01 14:56:47.328 - Info	Processing Component: CustomControls
2026-01-01 14:56:47.328 - Info	 - POCControls.AccountSearchControl
2026-01-01 14:56:47.328 - Info	Processing Component: SolutionPluginAssemblies
2026-01-01 14:56:47.341 - Info	Processing Component: EntityDataProviders
2026-01-01 14:56:47.342 - Info	Processing Sharded Component Files
2026-01-01 14:56:47.409 - Info	
Unmanaged Pack complete.

2026-01-01 15:06:05.348 - Info	
Packing D:\IFISol\mscrmdataverse-pdf-display-main\SolutionZahab\obj\Debug\Metadata to bin\Debug\SolutionZahab.zip

2026-01-01 15:06:05.377 - Info	Processing Component: Entities
2026-01-01 15:06:05.383 - Info	Processing Component: Roles
2026-01-01 15:06:05.388 - Info	Processing Component: Workflows
2026-01-01 15:06:05.388 - Info	Processing Component: FieldSecurityProfiles
2026-01-01 15:06:05.394 - Info	Processing Component: Templates
2026-01-01 15:06:05.400 - Info	Processing Component: EntityMaps
2026-01-01 15:06:05.402 - Info	Processing Component: EntityRelationships
2026-01-01 15:06:05.407 - Info	Processing Component: OrganizationSettings
2026-01-01 15:06:05.409 - Info	Processing Component: optionsets
2026-01-01 15:06:05.411 - Info	Processing Component: CustomControls
2026-01-01 15:06:05.427 - Info	 - POCControls.AccountSearchControl
2026-01-01 15:06:05.435 - Info	Processing Component: SolutionPluginAssemblies
2026-01-01 15:06:05.438 - Info	Processing Component: EntityDataProviders
2026-01-01 15:06:05.438 - Info	Processing Sharded Component Files
2026-01-01 15:06:05.507 - Info	
Unmanaged Pack complete.

2026-01-01 15:16:10.834 - Info	
Packing D:\IFISol\mscrmdataverse-pdf-display-main\SolutionZahab\obj\Debug\Metadata to bin\Debug\SolutionZahab.zip

2026-01-01 15:16:10.851 - Info	Processing Component: Entities
2026-01-01 15:16:10.858 - Info	Processing Component: Roles
2026-01-01 15:16:10.861 - Info	Processing Component: Workflows
2026-01-01 15:16:10.862 - Info	Processing Component: FieldSecurityProfiles
2026-01-01 15:16:10.863 - Info	Processing Component: Templates
2026-01-01 15:16:10.864 - Info	Processing Component: EntityMaps
2026-01-01 15:16:10.865 - Info	Processing Component: EntityRelationships
2026-01-01 15:16:10.868 - Info	Processing Component: OrganizationSettings
2026-01-01 15:16:10.869 - Info	Processing Component: optionsets
2026-01-01 15:16:10.870 - Info	Processing Component: CustomControls
2026-01-01 15:16:10.880 - Info	 - POCControls.AccountSearchControl
2026-01-01 15:16:10.885 - Info	Processing Component: SolutionPluginAssemblies
2026-01-01 15:16:10.886 - Info	Processing Component: EntityDataProviders
2026-01-01 15:16:10.897 - Info	Processing Sharded Component Files
2026-01-01 15:16:10.992 - Info	
Unmanaged Pack complete.

2026-01-01 15:17:13.208 - Info	
Packing D:\IFISol\mscrmdataverse-pdf-display-main\SolutionZahab\obj\Debug\Metadata to bin\Debug\SolutionZahab.zip

2026-01-01 15:17:13.220 - Info	Processing Component: Entities
2026-01-01 15:17:13.225 - Info	Processing Component: Roles
2026-01-01 15:17:13.225 - Info	Processing Component: Workflows
2026-01-01 15:17:13.225 - Info	Processing Component: FieldSecurityProfiles
2026-01-01 15:17:13.225 - Info	Processing Component: Templates
2026-01-01 15:17:13.225 - Info	Processing Component: EntityMaps
2026-01-01 15:17:13.225 - Info	Processing Component: EntityRelationships
2026-01-01 15:17:13.225 - Info	Processing Component: OrganizationSettings
2026-01-01 15:17:13.225 - Info	Processing Component: optionsets
2026-01-01 15:17:13.225 - Info	Processing Component: CustomControls
2026-01-01 15:17:13.242 - Info	 - POCControls.AccountSearchControl
2026-01-01 15:17:13.250 - Info	Processing Component: SolutionPluginAssemblies
2026-01-01 15:17:13.250 - Info	Processing Component: EntityDataProviders
2026-01-01 15:17:13.260 - Info	Processing Sharded Component Files
2026-01-01 15:17:13.355 - Info	
Unmanaged Pack complete.

2026-01-01 15:27:14.994 - Info	
Packing D:\IFISol\mscrmdataverse-pdf-display-main\SolutionZahab\obj\Debug\Metadata to bin\Debug\SolutionZahab.zip

2026-01-01 15:27:15.016 - Info	Processing Component: Entities
2026-01-01 15:27:15.022 - Info	Processing Component: Roles
2026-01-01 15:27:15.026 - Info	Processing Component: Workflows
2026-01-01 15:27:15.026 - Info	Processing Component: FieldSecurityProfiles
2026-01-01 15:27:15.027 - Info	Processing Component: Templates
2026-01-01 15:27:15.028 - Info	Processing Component: EntityMaps
2026-01-01 15:27:15.029 - Info	Processing Component: EntityRelationships
2026-01-01 15:27:15.032 - Info	Processing Component: OrganizationSettings
2026-01-01 15:27:15.033 - Info	Processing Component: optionsets
2026-01-01 15:27:15.035 - Info	Processing Component: CustomControls
2026-01-01 15:27:15.035 - Info	 - POCControls.AccountSearchControl
2026-01-01 15:27:15.054 - Info	Processing Component: SolutionPluginAssemblies
2026-01-01 15:27:15.056 - Info	Processing Component: EntityDataProviders
2026-01-01 15:27:15.071 - Info	Processing Sharded Component Files
2026-01-01 15:27:15.195 - Info	
Unmanaged Pack complete.

2026-01-05 16:06:17.181 - Info	
Packing D:\IFISol\mscrmdataverse-pdf-display-main\SolutionZahab\obj\Debug\Metadata to bin\Debug\SolutionZahab.zip

2026-01-05 16:06:17.205 - Info	Processing Component: Entities
2026-01-05 16:06:17.209 - Info	Processing Component: Roles
2026-01-05 16:06:17.213 - Info	Processing Component: Workflows
2026-01-05 16:06:17.213 - Info	Processing Component: FieldSecurityProfiles
2026-01-05 16:06:17.214 - Info	Processing Component: Templates
2026-01-05 16:06:17.215 - Info	Processing Component: EntityMaps
2026-01-05 16:06:17.216 - Info	Processing Component: EntityRelationships
2026-01-05 16:06:17.219 - Info	Processing Component: OrganizationSettings
2026-01-05 16:06:17.221 - Info	Processing Component: optionsets
2026-01-05 16:06:17.222 - Info	Processing Component: CustomControls
2026-01-05 16:06:17.233 - Info	 - POCControls.AccountSearchControl
2026-01-05 16:06:17.238 - Info	Processing Component: SolutionPluginAssemblies
2026-01-05 16:06:17.240 - Info	Processing Component: EntityDataProviders
2026-01-05 16:06:17.249 - Info	Processing Sharded Component Files
2026-01-05 16:06:17.313 - Info	
Unmanaged Pack complete.

2026-01-05 16:33:53.999 - Info	
Packing D:\IFISol\mscrmdataverse-pdf-display-main\SolutionZahab\obj\Debug\Metadata to bin\Debug\SolutionZahab.zip

2026-01-05 16:33:54.023 - Info	Processing Component: Entities
2026-01-05 16:33:54.031 - Info	Processing Component: Roles
2026-01-05 16:33:54.045 - Info	Processing Component: Workflows
2026-01-05 16:33:54.045 - Info	Processing Component: FieldSecurityProfiles
2026-01-05 16:33:54.048 - Info	Processing Component: Templates
2026-01-05 16:33:54.050 - Info	Processing Component: EntityMaps
2026-01-05 16:33:54.052 - Info	Processing Component: EntityRelationships
2026-01-05 16:33:54.059 - Info	Processing Component: OrganizationSettings
2026-01-05 16:33:54.061 - Info	Processing Component: optionsets
2026-01-05 16:33:54.061 - Info	Processing Component: CustomControls
2026-01-05 16:33:54.074 - Info	 - POCControls.AccountSearchControl
2026-01-05 16:33:54.080 - Info	Processing Component: SolutionPluginAssemblies
2026-01-05 16:33:54.088 - Info	Processing Component: EntityDataProviders
2026-01-05 16:33:54.109 - Info	Processing Sharded Component Files
2026-01-05 16:33:54.238 - Info	
Unmanaged Pack complete.

2026-01-05 17:10:33.943 - Info	
Packing D:\IFISol\mscrmdataverse-pdf-display-main\SolutionZahab\obj\Debug\Metadata to bin\Debug\SolutionZahab.zip

2026-01-05 17:10:33.990 - Info	Processing Component: Entities
2026-01-05 17:10:33.999 - Info	Processing Component: Roles
2026-01-05 17:10:34.011 - Info	Processing Component: Workflows
2026-01-05 17:10:34.013 - Info	Processing Component: FieldSecurityProfiles
2026-01-05 17:10:34.013 - Info	Processing Component: Templates
2026-01-05 17:10:34.020 - Info	Processing Component: EntityMaps
2026-01-05 17:10:34.022 - Info	Processing Component: EntityRelationships
2026-01-05 17:10:34.030 - Info	Processing Component: OrganizationSettings
2026-01-05 17:10:34.030 - Info	Processing Component: optionsets
2026-01-05 17:10:34.030 - Info	Processing Component: CustomControls
2026-01-05 17:10:34.062 - Info	 - POCControls.AccountSearchControl
2026-01-05 17:10:34.081 - Info	Processing Component: SolutionPluginAssemblies
2026-01-05 17:10:34.086 - Info	Processing Component: EntityDataProviders
2026-01-05 17:10:34.112 - Info	Processing Sharded Component Files
2026-01-05 17:10:34.264 - Info	
Unmanaged Pack complete.

2026-01-05 17:23:17.541 - Info	
Packing D:\IFISol\mscrmdataverse-pdf-display-main\SolutionZahab\obj\Debug\Metadata to bin\Debug\SolutionZahab.zip

2026-01-05 17:23:17.574 - Info	Processing Component: Entities
2026-01-05 17:23:17.583 - Info	Processing Component: Roles
2026-01-05 17:23:17.591 - Info	Processing Component: Workflows
2026-01-05 17:23:17.598 - Info	Processing Component: FieldSecurityProfiles
2026-01-05 17:23:17.600 - Info	Processing Component: Templates
2026-01-05 17:23:17.600 - Info	Processing Component: EntityMaps
2026-01-05 17:23:17.600 - Info	Processing Component: EntityRelationships
2026-01-05 17:23:17.616 - Info	Processing Component: OrganizationSettings
2026-01-05 17:23:17.622 - Info	Processing Component: optionsets
2026-01-05 17:23:17.625 - Info	Processing Component: CustomControls
2026-01-05 17:23:17.646 - Info	 - POCControls.AccountSearchControl
2026-01-05 17:23:17.658 - Info	Processing Component: SolutionPluginAssemblies
2026-01-05 17:23:17.658 - Info	Processing Component: EntityDataProviders
2026-01-05 17:23:17.691 - Info	Processing Sharded Component Files
2026-01-05 17:23:17.825 - Info	
Unmanaged Pack complete.

2026-01-06 09:58:58.822 - Info	
Packing D:\IFISol\mscrmdataverse-pdf-display-main\SolutionZahab\obj\Debug\Metadata to bin\Debug\SolutionZahab.zip

2026-01-06 09:58:58.842 - Info	Processing Component: Entities
2026-01-06 09:58:58.845 - Info	Processing Component: Roles
2026-01-06 09:58:58.846 - Info	Processing Component: Workflows
2026-01-06 09:58:58.846 - Info	Processing Component: FieldSecurityProfiles
2026-01-06 09:58:58.846 - Info	Processing Component: Templates
2026-01-06 09:58:58.846 - Info	Processing Component: EntityMaps
2026-01-06 09:58:58.846 - Info	Processing Component: EntityRelationships
2026-01-06 09:58:58.846 - Info	Processing Component: OrganizationSettings
2026-01-06 09:58:58.846 - Info	Processing Component: optionsets
2026-01-06 09:58:58.846 - Info	Processing Component: CustomControls
2026-01-06 09:58:58.846 - Info	 - POCControls.AccountSearchControl
2026-01-06 09:58:58.863 - Info	Processing Component: SolutionPluginAssemblies
2026-01-06 09:58:58.863 - Info	Processing Component: EntityDataProviders
2026-01-06 09:58:58.870 - Info	Processing Sharded Component Files
2026-01-06 09:58:58.896 - Info	
Unmanaged Pack complete.

2026-01-06 10:42:23.043 - Info	
Packing D:\IFISol\mscrmdataverse-pdf-display-main\SolutionZahab\obj\Debug\Metadata to bin\Debug\SolutionZahab.zip

2026-01-06 10:42:23.062 - Info	Processing Component: Entities
2026-01-06 10:42:23.064 - Info	Processing Component: Roles
2026-01-06 10:42:23.064 - Info	Processing Component: Workflows
2026-01-06 10:42:23.064 - Info	Processing Component: FieldSecurityProfiles
2026-01-06 10:42:23.064 - Info	Processing Component: Templates
2026-01-06 10:42:23.064 - Info	Processing Component: EntityMaps
2026-01-06 10:42:23.064 - Info	Processing Component: EntityRelationships
2026-01-06 10:42:23.064 - Info	Processing Component: OrganizationSettings
2026-01-06 10:42:23.073 - Info	Processing Component: optionsets
2026-01-06 10:42:23.073 - Info	Processing Component: CustomControls
2026-01-06 10:42:23.076 - Info	 - POCControls.AccountSearchControl
2026-01-06 10:42:23.089 - Info	Processing Component: SolutionPluginAssemblies
2026-01-06 10:42:23.089 - Info	Processing Component: EntityDataProviders
2026-01-06 10:42:23.095 - Info	Processing Sharded Component Files
2026-01-06 10:42:23.109 - Info	
Unmanaged Pack complete.

2026-01-06 11:19:42.386 - Info	
Packing D:\IFISol\mscrmdataverse-pdf-display-main\SolutionZahab\obj\Debug\Metadata to bin\Debug\SolutionZahab.zip

2026-01-06 11:19:42.411 - Info	Processing Component: Entities
2026-01-06 11:19:42.411 - Info	Processing Component: Roles
2026-01-06 11:19:42.411 - Info	Processing Component: Workflows
2026-01-06 11:19:42.411 - Info	Processing Component: FieldSecurityProfiles
2026-01-06 11:19:42.428 - Info	Processing Component: Templates
2026-01-06 11:19:42.428 - Info	Processing Component: EntityMaps
2026-01-06 11:19:42.428 - Info	Processing Component: EntityRelationships
2026-01-06 11:19:42.444 - Info	Processing Component: OrganizationSettings
2026-01-06 11:19:42.444 - Info	Processing Component: optionsets
2026-01-06 11:19:42.444 - Info	Processing Component: CustomControls
2026-01-06 11:19:42.461 - Info	 - POCControls.AccountSearchControl
2026-01-06 11:19:42.461 - Info	Processing Component: SolutionPluginAssemblies
2026-01-06 11:19:42.477 - Info	Processing Component: EntityDataProviders
2026-01-06 11:19:42.478 - Info	Processing Sharded Component Files
2026-01-06 11:19:42.570 - Info	
Unmanaged Pack complete.

2026-01-06 11:21:05.654 - Info	
Packing D:\IFISol\mscrmdataverse-pdf-display-main\SolutionZahab\obj\Debug\Metadata to bin\Debug\SolutionZahab.zip

2026-01-06 11:21:05.684 - Info	Processing Component: Entities
2026-01-06 11:21:05.689 - Info	Processing Component: Roles
2026-01-06 11:21:05.696 - Info	Processing Component: Workflows
2026-01-06 11:21:05.697 - Info	Processing Component: FieldSecurityProfiles
2026-01-06 11:21:05.698 - Info	Processing Component: Templates
2026-01-06 11:21:05.700 - Info	Processing Component: EntityMaps
2026-01-06 11:21:05.700 - Info	Processing Component: EntityRelationships
2026-01-06 11:21:05.705 - Info	Processing Component: OrganizationSettings
2026-01-06 11:21:05.707 - Info	Processing Component: optionsets
2026-01-06 11:21:05.707 - Info	Processing Component: CustomControls
2026-01-06 11:21:05.721 - Info	 - POCControls.AccountSearchControl
2026-01-06 11:21:05.728 - Info	Processing Component: SolutionPluginAssemblies
2026-01-06 11:21:05.730 - Info	Processing Component: EntityDataProviders
2026-01-06 11:21:05.740 - Info	Processing Sharded Component Files
2026-01-06 11:21:05.776 - Info	
Unmanaged Pack complete.

2026-01-06 13:01:55.181 - Info	
Packing D:\IFISol\mscrmdataverse-pdf-display-main\SolutionZahab\obj\Debug\Metadata to bin\Debug\SolutionZahab.zip

2026-01-06 13:01:55.209 - Info	Processing Component: Entities
2026-01-06 13:01:55.214 - Info	Processing Component: Roles
2026-01-06 13:01:55.220 - Info	Processing Component: Workflows
2026-01-06 13:01:55.222 - Info	Processing Component: FieldSecurityProfiles
2026-01-06 13:01:55.222 - Info	Processing Component: Templates
2026-01-06 13:01:55.224 - Info	Processing Component: EntityMaps
2026-01-06 13:01:55.225 - Info	Processing Component: EntityRelationships
2026-01-06 13:01:55.231 - Info	Processing Component: OrganizationSettings
2026-01-06 13:01:55.232 - Info	Processing Component: optionsets
2026-01-06 13:01:55.233 - Info	Processing Component: CustomControls
2026-01-06 13:01:55.237 - Info	 - POCControls.AccountSearchControl
2026-01-06 13:01:55.252 - Info	Processing Component: SolutionPluginAssemblies
2026-01-06 13:01:55.254 - Info	Processing Component: EntityDataProviders
2026-01-06 13:01:55.267 - Info	Processing Sharded Component Files
2026-01-06 13:01:55.321 - Info	
Unmanaged Pack complete.

2026-01-06 13:03:13.444 - Info	
Packing D:\IFISol\mscrmdataverse-pdf-display-main\SolutionZahab\obj\Debug\Metadata to bin\Debug\SolutionZahab.zip

2026-01-06 13:03:13.473 - Info	Processing Component: Entities
2026-01-06 13:03:13.479 - Info	Processing Component: Roles
2026-01-06 13:03:13.484 - Info	Processing Component: Workflows
2026-01-06 13:03:13.485 - Info	Processing Component: FieldSecurityProfiles
2026-01-06 13:03:13.486 - Info	Processing Component: Templates
2026-01-06 13:03:13.487 - Info	Processing Component: EntityMaps
2026-01-06 13:03:13.489 - Info	Processing Component: EntityRelationships
2026-01-06 13:03:13.495 - Info	Processing Component: OrganizationSettings
2026-01-06 13:03:13.496 - Info	Processing Component: optionsets
2026-01-06 13:03:13.497 - Info	Processing Component: CustomControls
2026-01-06 13:03:13.514 - Info	 - POCControls.AccountSearchControl
2026-01-06 13:03:13.521 - Info	Processing Component: SolutionPluginAssemblies
2026-01-06 13:03:13.524 - Info	Processing Component: EntityDataProviders
2026-01-06 13:03:13.535 - Info	Processing Sharded Component Files
2026-01-06 13:03:13.583 - Info	
Unmanaged Pack complete.

2026-01-06 13:08:33.320 - Info	
Packing D:\IFISol\mscrmdataverse-pdf-display-main\SolutionZahab\obj\Debug\Metadata to bin\Debug\SolutionZahab.zip

2026-01-06 13:08:33.340 - Info	Processing Component: Entities
2026-01-06 13:08:33.342 - Info	Processing Component: Roles
2026-01-06 13:08:33.342 - Info	Processing Component: Workflows
2026-01-06 13:08:33.342 - Info	Processing Component: FieldSecurityProfiles
2026-01-06 13:08:33.342 - Info	Processing Component: Templates
2026-01-06 13:08:33.342 - Info	Processing Component: EntityMaps
2026-01-06 13:08:33.342 - Info	Processing Component: EntityRelationships
2026-01-06 13:08:33.352 - Info	Processing Component: OrganizationSettings
2026-01-06 13:08:33.352 - Info	Processing Component: optionsets
2026-01-06 13:08:33.352 - Info	Processing Component: CustomControls
2026-01-06 13:08:33.360 - Info	 - POCControls.AccountSearchControl
2026-01-06 13:08:33.360 - Info	Processing Component: SolutionPluginAssemblies
2026-01-06 13:08:33.360 - Info	Processing Component: EntityDataProviders
2026-01-06 13:08:33.370 - Info	Processing Sharded Component Files
2026-01-06 13:08:33.391 - Info	
Unmanaged Pack complete.

2026-01-06 14:17:20.116 - Info	
Packing D:\IFISol\mscrmdataverse-pdf-display-main\SolutionZahab\obj\Debug\Metadata to bin\Debug\SolutionZahab.zip

2026-01-06 14:17:20.130 - Info	Processing Component: Entities
2026-01-06 14:17:20.133 - Info	Processing Component: Roles
2026-01-06 14:17:20.135 - Info	Processing Component: Workflows
2026-01-06 14:17:20.136 - Info	Processing Component: FieldSecurityProfiles
2026-01-06 14:17:20.137 - Info	Processing Component: Templates
2026-01-06 14:17:20.138 - Info	Processing Component: EntityMaps
2026-01-06 14:17:20.138 - Info	Processing Component: EntityRelationships
2026-01-06 14:17:20.142 - Info	Processing Component: OrganizationSettings
2026-01-06 14:17:20.143 - Info	Processing Component: optionsets
2026-01-06 14:17:20.144 - Info	Processing Component: CustomControls
2026-01-06 14:17:20.149 - Info	 - POCControls.AccountSearchControl
2026-01-06 14:17:20.159 - Info	Processing Component: SolutionPluginAssemblies
2026-01-06 14:17:20.160 - Info	Processing Component: EntityDataProviders
2026-01-06 14:17:20.165 - Info	Processing Sharded Component Files
2026-01-06 14:17:20.199 - Info	
Unmanaged Pack complete.

2026-01-06 14:38:30.802 - Info	
Packing D:\IFISol\mscrmdataverse-pdf-display-main\SolutionZahab\obj\Debug\Metadata to bin\Debug\SolutionZahab.zip

2026-01-06 14:38:30.830 - Info	Processing Component: Entities
2026-01-06 14:38:30.836 - Info	Processing Component: Roles
2026-01-06 14:38:30.840 - Info	Processing Component: Workflows
2026-01-06 14:38:30.842 - Info	Processing Component: FieldSecurityProfiles
2026-01-06 14:38:30.844 - Info	Processing Component: Templates
2026-01-06 14:38:30.846 - Info	Processing Component: EntityMaps
2026-01-06 14:38:30.846 - Info	Processing Component: EntityRelationships
2026-01-06 14:38:30.852 - Info	Processing Component: OrganizationSettings
2026-01-06 14:38:30.852 - Info	Processing Component: optionsets
2026-01-06 14:38:30.855 - Info	Processing Component: CustomControls
2026-01-06 14:38:30.872 - Info	 - POCControls.AccountSearchControl
2026-01-06 14:38:30.879 - Info	Processing Component: SolutionPluginAssemblies
2026-01-06 14:38:30.882 - Info	Processing Component: EntityDataProviders
2026-01-06 14:38:30.892 - Info	Processing Sharded Component Files
2026-01-06 14:38:30.980 - Info	
Unmanaged Pack complete.

2026-01-07 15:50:56.781 - Info	
Packing D:\IFISol\mscrmdataverse-pdf-display-main\SolutionZahab\obj\Debug\Metadata to bin\Debug\SolutionZahab.zip

2026-01-07 15:50:56.796 - Info	Processing Component: Entities
2026-01-07 15:50:56.798 - Info	Processing Component: Roles
2026-01-07 15:50:56.802 - Info	Processing Component: Workflows
2026-01-07 15:50:56.802 - Info	Processing Component: FieldSecurityProfiles
2026-01-07 15:50:56.803 - Info	Processing Component: Templates
2026-01-07 15:50:56.804 - Info	Processing Component: EntityMaps
2026-01-07 15:50:56.804 - Info	Processing Component: EntityRelationships
2026-01-07 15:50:56.809 - Info	Processing Component: OrganizationSettings
2026-01-07 15:50:56.810 - Info	Processing Component: optionsets
2026-01-07 15:50:56.811 - Info	Processing Component: CustomControls
2026-01-07 15:50:56.817 - Info	 - POCControls.AccountSearchControl
2026-01-07 15:50:56.821 - Info	Processing Component: SolutionPluginAssemblies
2026-01-07 15:50:56.822 - Info	Processing Component: EntityDataProviders
2026-01-07 15:50:56.830 - Info	Processing Sharded Component Files
2026-01-07 15:50:56.865 - Info	
Unmanaged Pack complete.

2026-01-08 11:06:59.127 - Info	
Packing D:\IFISol\mscrmdataverse-pdf-display-main\SolutionZahab\obj\Debug\Metadata to bin\Debug\SolutionZahab.zip

2026-01-08 11:06:59.150 - Info	Processing Component: Entities
2026-01-08 11:06:59.154 - Info	Processing Component: Roles
2026-01-08 11:06:59.160 - Info	Processing Component: Workflows
2026-01-08 11:06:59.160 - Info	Processing Component: FieldSecurityProfiles
2026-01-08 11:06:59.161 - Info	Processing Component: Templates
2026-01-08 11:06:59.162 - Info	Processing Component: EntityMaps
2026-01-08 11:06:59.163 - Info	Processing Component: EntityRelationships
2026-01-08 11:06:59.166 - Info	Processing Component: OrganizationSettings
2026-01-08 11:06:59.168 - Info	Processing Component: optionsets
2026-01-08 11:06:59.168 - Info	Processing Component: CustomControls
2026-01-08 11:06:59.180 - Info	 - POCControls.AccountSearchControl
2026-01-08 11:06:59.185 - Info	Processing Component: SolutionPluginAssemblies
2026-01-08 11:06:59.186 - Info	Processing Component: EntityDataProviders
2026-01-08 11:06:59.195 - Info	Processing Sharded Component Files
2026-01-08 11:06:59.246 - Info	
Unmanaged Pack complete.

2026-01-08 11:19:50.151 - Info	
Packing D:\IFISol\mscrmdataverse-pdf-display-main\SolutionZahab\obj\Debug\Metadata to bin\Debug\SolutionZahab.zip

2026-01-08 11:19:50.189 - Info	Processing Component: Entities
2026-01-08 11:19:50.196 - Info	Processing Component: Roles
2026-01-08 11:19:50.204 - Info	Processing Component: Workflows
2026-01-08 11:19:50.204 - Info	Processing Component: FieldSecurityProfiles
2026-01-08 11:19:50.204 - Info	Processing Component: Templates
2026-01-08 11:19:50.204 - Info	Processing Component: EntityMaps
2026-01-08 11:19:50.204 - Info	Processing Component: EntityRelationships
2026-01-08 11:19:50.220 - Info	Processing Component: OrganizationSettings
2026-01-08 11:19:50.221 - Info	Processing Component: optionsets
2026-01-08 11:19:50.221 - Info	Processing Component: CustomControls
2026-01-08 11:19:50.237 - Info	 - POCControls.AccountSearchControl
2026-01-08 11:19:50.237 - Info	Processing Component: SolutionPluginAssemblies
2026-01-08 11:19:50.237 - Info	Processing Component: EntityDataProviders
2026-01-08 11:19:50.253 - Info	Processing Sharded Component Files
2026-01-08 11:19:50.319 - Info	
Unmanaged Pack complete.

2026-01-23 10:25:42.065 - Info	
Packing D:\IFISol\mscrmdataverse-pdf-display-main\SolutionZahab\obj\Debug\Metadata to bin\Debug\SolutionZahab.zip

2026-01-23 10:25:42.085 - Info	Processing Component: Entities
2026-01-23 10:25:42.085 - Info	Processing Component: Roles
2026-01-23 10:25:42.085 - Info	Processing Component: Workflows
2026-01-23 10:25:42.085 - Info	Processing Component: FieldSecurityProfiles
2026-01-23 10:25:42.085 - Info	Processing Component: Templates
2026-01-23 10:25:42.085 - Info	Processing Component: EntityMaps
2026-01-23 10:25:42.085 - Info	Processing Component: EntityRelationships
2026-01-23 10:25:42.100 - Info	Processing Component: OrganizationSettings
2026-01-23 10:25:42.101 - Info	Processing Component: optionsets
2026-01-23 10:25:42.102 - Info	Processing Component: CustomControls
2026-01-23 10:25:42.104 - Info	 - Ifisol.EmailPdfViewer
2026-01-23 10:25:42.104 - Info	Processing Component: SolutionPluginAssemblies
2026-01-23 10:25:42.104 - Info	Processing Component: EntityDataProviders
2026-01-23 10:25:42.118 - Info	Processing Sharded Component Files
2026-01-23 10:25:42.161 - Info	
Unmanaged Pack complete.

